2026-04-01 23:26:30,134 - INFO - ==================================================
2026-04-01 23:26:30,137 - INFO - Resume Screening System - Data Preprocessing
2026-04-01 23:26:30,140 - INFO - ==================================================
2026-04-01 23:26:30,142 - INFO - Loading data from: Resume.csv
2026-04-01 23:26:32,181 - INFO - Loaded 2484 resumes with 4 columns
2026-04-01 23:26:32,195 - INFO - Loading spaCy model: en_core_web_sm
2026-04-01 23:26:33,911 - INFO - spaCy model loaded successfully
2026-04-01 23:38:59,948 - INFO - Cleaned 2484 resumes. 1 empty after cleaning.
2026-04-01 23:39:00,196 - WARNING - Removing 1 resumes with empty text after cleaning
2026-04-01 23:39:00,725 - INFO - Final dataset: 2483 resumes
2026-04-01 23:42:31,561 - INFO - Initializing Enhanced ATS Matcher...
2026-04-01 23:42:31,626 - INFO - Available categories in dataset: ['HR', 'DESIGNER', 'INFORMATION-TECHNOLOGY', 'TEACHER', 'ADVOCATE', 'BUSINESS-DEVELOPMENT', 'HEALTHCARE', 'FITNESS', 'AGRICULTURE', 'BPO', 'SALES', 'CONSULTANT', 'DIGITAL-MEDIA', 'AUTOMOBILE', 'CHEF', 'FINANCE', 'APPAREL', 'ENGINEERING', 'ACCOUNTANT', 'CONSTRUCTION', 'PUBLIC-RELATIONS', 'BANKING', 'ARTS', 'AVIATION']
2026-04-01 23:42:31,628 - INFO - ==================================================
2026-04-01 23:42:31,629 - INFO - Training ATS Matcher
2026-04-01 23:42:31,630 - INFO - ==================================================
2026-04-01 23:42:31,787 - INFO - Converting 2483 resumes to TF-IDF vectors...
2026-04-01 23:42:46,469 - INFO - Vocabulary size: 8000 terms
2026-04-01 23:42:46,473 - INFO - Extracting skills from resumes...
2026-04-01 23:42:57,426 - INFO - Built category mapping for 24 categories
2026-04-01 23:42:57,440 - INFO - 
============================================================
2026-04-01 23:42:57,440 - INFO - TEST 1: Ranking HR candidates against HR job description
2026-04-01 23:42:57,441 - INFO - ============================================================
2026-04-01 23:42:57,443 - INFO - Extracted 7 skills from job description: ['benefits administration', 'employee relations', 'hr compliance', 'payroll', 'performance management', 'recruitment', 'training']
2026-04-01 23:42:57,444 - INFO - Filtering to 110 candidates in category: HR
2026-04-01 23:42:57,818 - INFO - Found 512 candidates above 15.0% threshold
2026-04-01 23:42:57,868 - INFO - 
============================================================
2026-04-01 23:42:57,870 - INFO - TEST 2: Ranking ALL candidates against Data Scientist role
2026-04-01 23:42:57,871 - INFO - ============================================================
2026-04-01 23:42:57,873 - INFO - Extracted 6 skills from job description: ['data analysis', 'data science', 'machine learning', 'pandas', 'python', 'statistics']
2026-04-01 23:42:57,917 - INFO - Found 15 candidates above 15.0% threshold
2026-04-01 23:48:48,584 - INFO - Summaries saved to recruiter_summaries.txt
